{
  "RSpec": {
    "coverage": {
      "/Users/Ahmad/Clio_challenge/app/models/user.rb": [
        1,
        null,
        null,
        null,
        1,
        null,
        null,
        null,
        1,
        null,
        2,
        null,
        null,
        1,
        null,
        1,
        null,
        1,
        9,
        null,
        null,
        1,
        2,
        null,
        null,
        1,
        15,
        null,
        null,
        null
      ],
      "/Users/Ahmad/Clio_challenge/app/controllers/application_controller.rb": [
        1,
        null,
        1,
        null,
        null
      ],
      "/Users/Ahmad/Clio_challenge/app/helpers/application_helper.rb": [
        1,
        null,
        1,
        null,
        null,
        1,
        null,
        null
      ],
      "/Users/Ahmad/Clio_challenge/app/helpers/teams_helper.rb": [
        1,
        null
      ],
      "/Users/Ahmad/Clio_challenge/app/controllers/teams_controller.rb": [
        1,
        null,
        null,
        1,
        5,
        null,
        5,
        5,
        5,
        null,
        null,
        null,
        null,
        null,
        1,
        3,
        null,
        3,
        3,
        3,
        null,
        null,
        null,
        null,
        null,
        1,
        2,
        null,
        2,
        2,
        2,
        null,
        null,
        null,
        null,
        1,
        2,
        null,
        null,
        null,
        null,
        1,
        1,
        null,
        1,
        1,
        2,
        1,
        null,
        0,
        0,
        null,
        null,
        null,
        null,
        null,
        null,
        1,
        1,
        null,
        1,
        1,
        2,
        1,
        null,
        0,
        0,
        null,
        null,
        null,
        null,
        null,
        null,
        1,
        1,
        1,
        null,
        1,
        2,
        1,
        null,
        null,
        null
      ],
      "/Users/Ahmad/Clio_challenge/app/models/team.rb": [
        1,
        1,
        null
      ],
      "/Users/Ahmad/Clio_challenge/app/controllers/users_controller.rb": [
        1,
        1,
        1,
        null,
        1,
        1,
        null,
        null,
        1,
        0,
        0,
        0,
        null,
        null,
        null,
        1,
        1,
        null,
        null,
        1,
        1,
        null,
        null,
        1,
        0,
        0,
        0,
        null,
        null,
        1,
        null,
        1,
        2,
        1,
        1,
        null,
        null,
        null,
        null
      ]
    },
    "timestamp": 1426546333
  }
}
